<?xml version="1.0" encoding="UTF-8"?>
<!-- Generated by org.testng.reporters.JUnitXMLReporter -->
<testsuite ignored="0" hostname="DESKTOP-BG83L86" failures="0" tests="8" name="Default test" time="42.118" errors="0" timestamp="2023-10-27T11:25:28 IST">
  <testcase classname="testcases.SignUpHandle" name="signUpLinkClick" time="2.125"/>
  <testcase classname="testcases.SignUpHandle" name="enterUsername" time="2.175"/>
  <testcase classname="testcases.SignUpHandle" name="enterFullname" time="2.258"/>
  <testcase classname="testcases.SignUpHandle" name="enterEmail" time="2.226"/>
  <testcase classname="testcases.SignUpHandle" name="enterPassword" time="2.23"/>
  <testcase classname="testcases.SignUpHandle" name="enterPhoneNumber" time="2.202"/>
  <testcase classname="testcases.SignUpHandle" name="clickOnTerms" time="2.111"/>
  <testcase classname="testcases.SignUpHandle" name="clickOnSignUpButton" time="2.116"/>
</testsuite> <!-- Default test -->
