<?xml version="1.0" encoding="UTF-8"?>
<!-- Generated by org.testng.reporters.JUnitXMLReporter -->
<testsuite ignored="0" hostname="DESKTOP-BG83L86" failures="0" tests="8" name="Test" time="74.37" errors="0" timestamp="2023-10-27T11:53:39 IST">
  <testcase classname="testcases.SignUpHandle" name="signUpLinkClick" time="2.132"/>
  <testcase classname="testcases.SignUpHandle" name="enterUsername" time="2.195"/>
  <testcase classname="testcases.SignUpHandle" name="enterFullname" time="2.183"/>
  <testcase classname="testcases.SignUpHandle" name="enterEmail" time="2.166"/>
  <testcase classname="testcases.SignUpHandle" name="enterPassword" time="2.168"/>
  <testcase classname="testcases.SignUpHandle" name="enterPhoneNumber" time="2.166"/>
  <testcase classname="testcases.SignUpHandle" name="clickOnTerms" time="2.102"/>
  <testcase classname="testcases.SignUpHandle" name="clickOnSignUpButton" time="2.076"/>
</testsuite> <!-- Test -->
